[
  {
    "level": "INFO",
    "message": "android.ndkVersion from module build.gradle is not set"
  },
  {
    "level": "INFO",
    "message": "ndk.dir in local.properties is D:\\Program Files\\Android\\android-ndk-r20b"
  },
  {
    "level": "INFO",
    "message": "ANDROID_NDK_HOME environment variable is not set"
  },
  {
    "level": "INFO",
    "message": "sdkFolder is D:\\Program Files\\Android\\Sdk"
  },
  {
    "level": "INFO",
    "message": "Considering D:\\Program Files\\Android\\android-ndk-r20b by ndk.dir"
  },
  {
    "level": "INFO",
    "message": "Considering D:\\Program Files\\Android\\Sdk\\ndk-bundle in SDK ndk-bundle folder"
  },
  {
    "level": "INFO",
    "message": "Found requested ndk.dir (D:\\Program Files\\Android\\android-ndk-r20b) which has version 20.1.5948944"
  }
]