[
  {
    "level": "INFO",
    "message": "android.ndkVersion from module build.gradle is not set"
  },
  {
    "level": "INFO",
    "message": "ndk.dir in local.properties is D:\\Program Files\\Android\\android-ndk-r21"
  },
  {
    "level": "INFO",
    "message": "ANDROID_NDK_HOME environment variable is not set"
  },
  {
    "level": "INFO",
    "message": "sdkFolder is D:\\Program Files\\Android\\Sdk"
  },
  {
    "level": "INFO",
    "message": "Considering D:\\Program Files\\Android\\android-ndk-r21 by ndk.dir"
  },
  {
    "level": "INFO",
    "message": "Considering D:\\Program Files\\Android\\Sdk\\ndk-bundle in SDK ndk-bundle folder"
  },
  {
    "level": "INFO",
    "message": "Considering D:\\Program Files\\Android\\Sdk\\ndk\\21.3.6528147 in SDK ndk folder"
  },
  {
    "level": "INFO",
    "message": "Rejected D:\\Program Files\\Android\\Sdk\\ndk-bundle in SDK ndk-bundle folder because that location has no source.properties"
  },
  {
    "level": "INFO",
    "message": "Found requested ndk.dir (D:\\Program Files\\Android\\android-ndk-r21) which has version 21.0.6113669"
  }
]